<?xml version="1.0" encoding="UTF-8"?>
<!-- Generated by org.testng.reporters.JUnitReportReporter -->
<testsuite skipped="0" hostname="LAPTOP-02NKR75Q" name="TestCase.TC_Sortable" tests="1" failures="0" timestamp="2020-04-14T15:53:48 CDT" time="10.240" errors="0">
  <testcase name="sortable_menu" time="10.240" classname="TestCase.TC_Sortable"/>
</testsuite> <!-- TestCase.TC_Sortable -->
