<?xml version="1.0" encoding="UTF-8"?>
<!-- Generated by org.testng.reporters.JUnitReportReporter -->
<testsuite skipped="0" hostname="LAPTOP-02NKR75Q" name="TestCase.TC_Dropable" tests="1" failures="0" timestamp="2020-04-14T12:05:21 CDT" time="5.458" errors="0">
  <testcase name="Dropable_menu" time="5.458" classname="TestCase.TC_Dropable"/>
</testsuite> <!-- TestCase.TC_Dropable -->
