<?xml version="1.0" encoding="UTF-8"?>
<!-- Generated by org.testng.reporters.JUnitReportReporter -->
<testsuite skipped="0" hostname="LAPTOP-02NKR75Q" name="PageObject_Widgets.UploadAutoIT" tests="1" failures="0" timestamp="2020-04-15T20:35:11 CDT" time="23.435" errors="0">
  <testcase name="upload" time="23.435" classname="PageObject_Widgets.UploadAutoIT"/>
</testsuite> <!-- PageObject_Widgets.UploadAutoIT -->
