<?xml version="1.0" encoding="UTF-8"?>
<!-- Generated by org.testng.reporters.JUnitReportReporter -->
<testsuite skipped="0" hostname="LAPTOP-02NKR75Q" name="TestCase.TC_Dragable" tests="1" failures="0" timestamp="2020-04-14T14:00:57 CDT" time="10.834" errors="0">
  <testcase name="Dragable_menu" time="10.834" classname="TestCase.TC_Dragable"/>
</testsuite> <!-- TestCase.TC_Dragable -->
