<?xml version="1.0" encoding="UTF-8"?>
<!-- Generated by org.testng.reporters.JUnitReportReporter -->
<testsuite skipped="0" hostname="LAPTOP-02NKR75Q" name="TestCase.TC_Resizable" tests="1" failures="0" timestamp="2020-04-14T13:54:26 CDT" time="8.726" errors="0">
  <testcase name="resizable_menu" time="8.726" classname="TestCase.TC_Resizable"/>
</testsuite> <!-- TestCase.TC_Resizable -->
