<?xml version="1.0" encoding="UTF-8"?>
<!-- Generated by org.testng.reporters.JUnitReportReporter -->
<testsuite skipped="1" hostname="LAPTOP-02NKR75Q" name="PageObject_Widgets.WebTable" tests="2" failures="0" timestamp="2020-04-15T21:37:52 CDT" time="17.434" errors="0">
  <testcase name="webTable" time="17.434" classname="PageObject_Widgets.WebTable"/>
  <testcase name="uploadAutoIT" classname="PageObject_Widgets.WebTable">
    <skipped/>
  </testcase> <!-- uploadAutoIT -->
</testsuite> <!-- PageObject_Widgets.WebTable -->
