<?xml version="1.0" encoding="UTF-8"?>
<!-- Generated by org.testng.reporters.JUnitReportReporter -->
<testsuite skipped="0" hostname="LAPTOP-02NKR75Q" name="TestCase.TC_Widgets" tests="1" failures="0" timestamp="2020-04-15T12:23:48 CDT" time="26.083" errors="0">
  <testcase name="frame" time="26.083" classname="TestCase.TC_Widgets"/>
</testsuite> <!-- TestCase.TC_Widgets -->
