<?xml version="1.0" encoding="UTF-8"?>
<!-- Generated by org.testng.reporters.JUnitReportReporter -->
<testsuite skipped="0" hostname="LAPTOP-02NKR75Q" name="PageObject_Widgets.ToolTip" tests="1" failures="0" timestamp="2020-04-16T12:00:02 CDT" time="25.620" errors="0">
  <testcase name="toolTip" time="25.620" classname="PageObject_Widgets.ToolTip"/>
</testsuite> <!-- PageObject_Widgets.ToolTip -->
