<?xml version="1.0" encoding="UTF-8"?>
<!-- Generated by org.testng.reporters.JUnitReportReporter -->
<testsuite skipped="0" hostname="LAPTOP-02NKR75Q" name="TestCase.TC_Selectable" tests="1" failures="0" timestamp="2020-04-14T11:47:24 CDT" time="2.502" errors="0">
  <testcase name="selectable_menu" time="2.502" classname="TestCase.TC_Selectable"/>
</testsuite> <!-- TestCase.TC_Selectable -->
