<?xml version="1.0" encoding="UTF-8"?>
<!-- Generated by org.testng.reporters.JUnitReportReporter -->
<testsuite skipped="0" hostname="LAPTOP-02NKR75Q" name="PageObject_Widgets.BrokenLinks" tests="1" failures="0" timestamp="2020-04-21T14:59:40 CDT" time="79.852" errors="0">
  <testcase name="toolTip" time="79.852" classname="PageObject_Widgets.BrokenLinks"/>
</testsuite> <!-- PageObject_Widgets.BrokenLinks -->
