<?xml version="1.0" encoding="UTF-8"?>
<!-- Generated by org.testng.reporters.JUnitReportReporter -->
<testsuite skipped="0" hostname="LAPTOP-02NKR75Q" name="TestCase.TC_Forms" tests="1" failures="0" timestamp="2020-04-15T14:43:53 CDT" time="8.127" errors="0">
  <testcase name="formsMenu" time="8.127" classname="TestCase.TC_Forms"/>
</testsuite> <!-- TestCase.TC_Forms -->
